#
# There is insufficient memory for the Java Runtime Environment to continue.
# Native memory allocation (malloc) failed to allocate 1048576 bytes. Error detail: AllocateHeap
# Possible reasons:
#   The system is out of physical RAM or swap space
#   This process is running with CompressedOops enabled, and the Java Heap may be blocking the growth of the native heap
# Possible solutions:
#   Reduce memory load on the system
#   Increase physical memory or swap space
#   Check if swap backing store is full
#   Decrease Java heap size (-Xmx/-Xms)
#   Decrease number of Java threads
#   Decrease Java thread stack sizes (-Xss)
#   Set larger code cache with -XX:ReservedCodeCacheSize=
#   JVM is running with Unscaled Compressed Oops mode in which the Java heap is
#     placed in the first 4GB address space. The Java Heap base address is the
#     maximum limit for the native heap growth. Please use -XX:HeapBaseMinAddress
#     to set the Java Heap base and to place the Java Heap above 4GB virtual address.
# This output file may be truncated or incomplete.
#
#  Out of Memory Error (allocation.cpp:44), pid=6300, tid=3992
#
# JRE version:  (23.0.1+11) (build )
# Java VM: Java HotSpot(TM) 64-Bit Server VM (23.0.1+11-39, mixed mode, sharing, tiered, compressed oops, compressed class ptrs, g1 gc, windows-amd64)
# No core dump will be written. Minidumps are not enabled by default on client versions of Windows
#

---------------  S U M M A R Y ------------

Command Line: 

Host: 12th Gen Intel(R) Core(TM) i5-1235U, 12 cores, 7G,  Windows 11 , 64 bit Build 26100 (10.0.26100.8737)
Time: Mon Jul  6 14:44:24 2026 India Standard Time elapsed time: 2.061866 seconds (0d 0h 0m 2s)

---------------  T H R E A D  ---------------

Current thread (0x000001bb11359200):  JavaThread "Unknown thread" [_thread_in_vm, id=3992, stack(0x0000002e7e800000,0x0000002e7e900000) (1024K)]

Stack: [0x0000002e7e800000,0x0000002e7e900000]
Native frames: (J=compiled Java code, j=interpreted, Vv=VM code, C=native code)
V  [jvm.dll+0x6e08b9]  (no source info available)
V  [jvm.dll+0x87dc83]  (no source info available)
V  [jvm.dll+0x88010e]  (no source info available)
V  [jvm.dll+0x8807e3]  (no source info available)
V  [jvm.dll+0x27aee6]  (no source info available)
V  [jvm.dll+0xb6a17]  (no source info available)
V  [jvm.dll+0x326ad8]  (no source info available)
V  [jvm.dll+0x844319]  (no source info available)
V  [jvm.dll+0x3b9848]  (no source info available)
V  [jvm.dll+0x82d14c]  (no source info available)
V  [jvm.dll+0x454d4e]  (no source info available)
V  [jvm.dll+0x456bd1]  (no source info available)
C  [jli.dll+0x52a3]  (no source info available)
C  [ucrtbase.dll+0x2cd30]  (no source info available)
C  [KERNEL32.DLL+0x2e957]  (no source info available)
C  [ntdll.dll+0xaad6c]  (no source info available)

Lock stack of current Java thread (top to bottom):


---------------  P R O C E S S  ---------------

Threads class SMR info:
_java_thread_list=0x00007fff20f13618, length=0, elements={
}

Java Threads: ( => current thread )
Total: 0

Other Threads:

=>0x000001bb11359200 (exited) JavaThread "Unknown thread"    [_thread_in_vm, id=3992, stack(0x0000002e7e800000,0x0000002e7e900000) (1024K)]
Total: 1

Threads with active compile tasks:
Total: 0

VM state: not at safepoint (not fully initialized)

VM Mutex/Monitor currently owned by a thread: None

Heap address: 0x0000000000000000, size: 0 MB, Compressed Oops mode: 32-bit

CDS archive(s) mapped at: [0x0000000000000000-0x0000000000000000-0x0000000000000000), size 0, SharedBaseAddress: 0x0000000800000000, ArchiveRelocationMode: 1.
Narrow klass base: 0x0000000000000000, Narrow klass shift: 0, Narrow klass range: 0x0

GC Precious Log:
 CardTable entry size: 512
 Card Set container configuration: InlinePtr #cards 5 size 8 Array Of Cards #cards 10 size 36 Howl #buckets 4 coarsen threshold 1843 Howl Bitmap #cards 512 size 80 coarsen threshold 460 Card regions per heap region 1 cards per card region 2048

GC Heap History (0 events):
No events

Dll operation events (1 events):
Event: 1.038 Loaded shared library C:\Program Files\Java\jdk-23\bin\java.dll

Deoptimization events (0 events):
No events

Classes loaded (0 events):
No events

Classes unloaded (0 events):
No events

Classes redefined (0 events):
No events

Internal exceptions (0 events):
No events

VM Operations (0 events):
No events

Memory protections (0 events):
No events

Nmethod flushes (0 events):
No events

Events (0 events):
No events


Dynamic libraries:
0x00007ff7109f0000 - 0x00007ff710a00000 	C:\Program Files\Java\jdk-23\bin\java.exe
0x00007ffffdd00000 - 0x00007ffffdf66000 	C:\WINDOWS\SYSTEM32\ntdll.dll
0x00007ffffc4c0000 - 0x00007ffffc589000 	C:\WINDOWS\System32\KERNEL32.DLL
0x00007ffffb4a0000 - 0x00007ffffb8a0000 	C:\WINDOWS\System32\KERNELBASE.dll
0x00007ffffb0a0000 - 0x00007ffffb1ec000 	C:\WINDOWS\System32\ucrtbase.dll
0x00007fff85ac0000 - 0x00007fff85ad7000 	C:\Program Files\Java\jdk-23\bin\jli.dll
0x00007fff85aa0000 - 0x00007fff85abb000 	C:\Program Files\Java\jdk-23\bin\VCRUNTIME140.dll
0x00007ffffbf80000 - 0x00007ffffc147000 	C:\WINDOWS\System32\USER32.dll
0x00007fffe2430000 - 0x00007fffe26c2000 	C:\WINDOWS\WinSxS\amd64_microsoft.windows.common-controls_6595b64144ccf1df_6.0.26100.8737_none_3e092eaee333b772\COMCTL32.dll
0x00007ffffb470000 - 0x00007ffffb497000 	C:\WINDOWS\System32\win32u.dll
0x00007ffffc1e0000 - 0x00007ffffc289000 	C:\WINDOWS\System32\msvcrt.dll
0x00007ffffce40000 - 0x00007ffffce6b000 	C:\WINDOWS\System32\GDI32.dll
0x00007ffffb340000 - 0x00007ffffb469000 	C:\WINDOWS\System32\gdi32full.dll
0x00007ffffb200000 - 0x00007ffffb2a3000 	C:\WINDOWS\System32\msvcp_win.dll
0x00007ffffbec0000 - 0x00007ffffbef2000 	C:\WINDOWS\System32\IMM32.DLL
0x00007fffe8ae0000 - 0x00007fffe8aec000 	C:\Program Files\Java\jdk-23\bin\vcruntime140_1.dll
0x00007fff6b690000 - 0x00007fff6b71e000 	C:\Program Files\Java\jdk-23\bin\msvcp140.dll
0x00007fff20320000 - 0x00007fff2106f000 	C:\Program Files\Java\jdk-23\bin\server\jvm.dll
0x00007ffffc6c0000 - 0x00007ffffc777000 	C:\WINDOWS\System32\ADVAPI32.dll
0x00007ffffdb90000 - 0x00007ffffdc3a000 	C:\WINDOWS\System32\sechost.dll
0x00007ffffc800000 - 0x00007ffffc918000 	C:\WINDOWS\System32\RPCRT4.dll
0x00007ffffc150000 - 0x00007ffffc1d0000 	C:\WINDOWS\System32\WS2_32.dll
0x00007ffffada0000 - 0x00007ffffadfe000 	C:\WINDOWS\SYSTEM32\POWRPROF.dll
0x00007ffff7480000 - 0x00007ffff74b6000 	C:\WINDOWS\SYSTEM32\WINMM.dll
0x00007fffe7750000 - 0x00007fffe775b000 	C:\WINDOWS\SYSTEM32\VERSION.dll
0x00007ffffad80000 - 0x00007ffffad94000 	C:\WINDOWS\SYSTEM32\UMPDC.dll
0x00007ffff9c00000 - 0x00007ffff9c1b000 	C:\WINDOWS\SYSTEM32\kernel.appcore.dll
0x00007fffe6830000 - 0x00007fffe683a000 	C:\Program Files\Java\jdk-23\bin\jimage.dll
0x00007ffff8570000 - 0x00007ffff87b2000 	C:\WINDOWS\SYSTEM32\DBGHELP.DLL
0x00007ffffcf80000 - 0x00007ffffd303000 	C:\WINDOWS\System32\combase.dll
0x00007ffffc920000 - 0x00007ffffc9f9000 	C:\WINDOWS\System32\OLEAUT32.dll
0x00007fffb7bd0000 - 0x00007fffb7c0b000 	C:\WINDOWS\SYSTEM32\dbgcore.DLL
0x00007ffffb8b0000 - 0x00007ffffb95c000 	C:\WINDOWS\System32\bcryptPrimitives.dll
0x00007fff85870000 - 0x00007fff8588e000 	C:\Program Files\Java\jdk-23\bin\java.dll
0x00007ffffcca0000 - 0x00007ffffce39000 	C:\WINDOWS\System32\ole32.dll
0x00007ffffd360000 - 0x00007ffffdaf2000 	C:\WINDOWS\System32\SHELL32.dll

dbghelp: loaded successfully - version: 4.0.5 - missing functions: none
symbol engine: initialized successfully - sym options: 0x614 - pdb path: .;C:\Program Files\Java\jdk-23\bin;C:\WINDOWS\SYSTEM32;C:\WINDOWS\WinSxS\amd64_microsoft.windows.common-controls_6595b64144ccf1df_6.0.26100.8737_none_3e092eaee333b772;C:\Program Files\Java\jdk-23\bin\server

VM Arguments:
java_command: <unknown>
java_class_path (initial): <not set>
Launcher Type: SUN_STANDARD

[Global flags]
     intx CICompilerCount                          = 4                                         {product} {ergonomic}
     uint ConcGCThreads                            = 3                                         {product} {ergonomic}
     uint G1ConcRefinementThreads                  = 10                                        {product} {ergonomic}
   size_t G1HeapRegionSize                         = 1048576                                   {product} {ergonomic}
   size_t InitialHeapSize                          = 130023424                                 {product} {ergonomic}
   size_t MarkStackSize                            = 4194304                                   {product} {ergonomic}
   size_t MaxHeapSize                              = 2065694720                                {product} {ergonomic}
   size_t MinHeapDeltaBytes                        = 1048576                                   {product} {ergonomic}
   size_t MinHeapSize                              = 8388608                                   {product} {ergonomic}
    uintx NonNMethodCodeHeapSize                   = 5832704                                {pd product} {ergonomic}
    uintx NonProfiledCodeHeapSize                  = 122945536                              {pd product} {ergonomic}
    uintx ProfiledCodeHeapSize                     = 122880000                              {pd product} {ergonomic}
    uintx ReservedCodeCacheSize                    = 251658240                              {pd product} {ergonomic}
     bool SegmentedCodeCache                       = true                                      {product} {ergonomic}
   size_t SoftMaxHeapSize                          = 2065694720                             {manageable} {ergonomic}
     bool UseCompressedOops                        = true                           {product lp64_product} {ergonomic}
     bool UseG1GC                                  = true                                      {product} {ergonomic}
     bool UseLargePagesIndividualAllocation        = false                                  {pd product} {ergonomic}

Logging:
Log output configuration:
 #0: stdout all=warning uptime,level,tags foldmultilines=false
 #1: stderr all=off uptime,level,tags foldmultilines=false

Environment Variables:
PATH=D:\oracle\product\10.2.0\db_1\bin;C:\Program Files\Common Files\Oracle\Java\javapath;C:\WINDOWS\system32;C:\WINDOWS;C:\WINDOWS\System32\Wbem;C:\WINDOWS\System32\WindowsPowerShell\v1.0\;C:\WINDOWS\System32\OpenSSH\;C:\Program Files\dotnet\;C:\Program Files\nodejs\;C:\ProgramData\chocolatey\bin;D:\apache-maven-3.9.9\bin;D:\23csa34\apache-maven-3.9.11-bin\apache-maven-3.9.11\bin;C:\maven\bin;C:\allure\bin;C:\Users\DELL\Downloads\allure-2.42.1\allure-2.42.1\bin;C:\Program Files\Git\cmd;C:\Users\DELL\AppData\Local\Microsoft\WindowsApps;C:\Users\DELL\AppData\Roaming\npm;D:\apache-maven-3.9.x\bin;C:\Users\DELL\AppData\Local\Programs\Microsoft VS Code\bin;c:\Users\DELL\.vscode\extensions\ms-python.debugpy-2026.6.0-win32-x64\bundled\scripts\noConfigScripts
USERNAME=DELL
LANG=en_US.UTF-8
OS=Windows_NT
PROCESSOR_IDENTIFIER=Intel64 Family 6 Model 154 Stepping 4, GenuineIntel
TMP=C:\Users\DELL\AppData\Local\Temp
TEMP=C:\Users\DELL\AppData\Local\Temp




Periodic native trim disabled

---------------  S Y S T E M  ---------------

OS:
 Windows 11 , 64 bit Build 26100 (10.0.26100.8737)
OS uptime: 0 days 1:00 hours
Hyper-V role detected

CPU: total 12 (initial active 12) (6 cores per cpu, 2 threads per core) family 6 model 154 stepping 4 microcode 0x43b, cx8, cmov, fxsr, ht, mmx, 3dnowpref, sse, sse2, sse3, ssse3, sse4.1, sse4.2, popcnt, lzcnt, tsc, tscinvbit, avx, avx2, aes, erms, clmul, bmi1, bmi2, adx, sha, fma, vzeroupper, clflush, clflushopt, clwb, hv, serialize, rdtscp, rdpid, fsrm, gfni, f16c, cet_ibt, cet_ss
Processor Information for the first 12 processors :
  Max Mhz: 1300, Current Mhz: 1300, Mhz Limit: 1300

Memory: 4k page, system-wide physical 7876M (836M free)
TotalPageFile size 9924M (AvailPageFile size 1M)
current process WorkingSet (physical memory assigned to process): 13M, peak: 13M
current process commit charge ("private bytes"): 11M, peak: 12M

vm_info: Java HotSpot(TM) 64-Bit Server VM (23.0.1+11-39) for windows-amd64 JRE (23.0.1+11-39), built on 2024-09-30T07:20:43Z with MS VC++ 17.6 (VS2022)

END.
